<?xml version="1.0" encoding="UTF-8"?>
<!-- Generated by org.testng.reporters.JUnitReportReporter -->
<testsuite skipped="0" hostname="QT-INNO-LT1428" name="pack1.MainClass" tests="1" failures="0" timestamp="2022-03-14T12:44:11 IST" time="26.712" errors="0">
  <testcase name="test" time="26.712" classname="pack1.MainClass"/>
  <system-out/>
</testsuite> <!-- pack1.MainClass -->
