<?xml version="1.0" encoding="UTF-8"?>
<!-- Generated by org.testng.reporters.JUnitReportReporter -->
<testsuite skipped="0" hostname="QT-INNO-LT1428" name="practice.Test_Get" tests="2" failures="0" timestamp="2022-03-23T15:04:40 IST" time="4.306" errors="0">
  <testcase name="test2" time="1.542" classname="practice.Test_Get"/>
  <system-out/>
  <testcase name="test1" time="2.764" classname="practice.Test_Get"/>
  <system-out/>
</testsuite> <!-- practice.Test_Get -->
