<?xml version="1.0" encoding="UTF-8"?>
<!-- Generated by org.testng.reporters.JUnitReportReporter -->
<testsuite skipped="0" hostname="QT-INNO-LT1428" name="practice.Test_Post" tests="1" failures="0" timestamp="2022-03-24T10:43:00 IST" time="2.669" errors="0">
  <testcase name="test1" time="2.669" classname="practice.Test_Post"/>
  <system-out/>
</testsuite> <!-- practice.Test_Post -->
