<?xml version="1.0" encoding="UTF-8"?>
<!-- Generated by org.testng.reporters.JUnitReportReporter -->
<testsuite skipped="0" hostname="QT-INNO-LT1428" name="practice.Test_Requests" tests="5" failures="0" timestamp="2022-03-24T11:02:12 IST" time="7.208" errors="0">
  <testcase name="test_Get" time="2.169" classname="practice.Test_Requests"/>
  <system-out/>
  <testcase name="test_Post" time="0.849" classname="practice.Test_Requests"/>
  <system-out/>
  <testcase name="test_Delete" time="2.478" classname="practice.Test_Requests"/>
  <system-out/>
  <testcase name="test_Patch" time="0.862" classname="practice.Test_Requests"/>
  <system-out/>
  <testcase name="test_Put" time="0.850" classname="practice.Test_Requests"/>
  <system-out/>
</testsuite> <!-- practice.Test_Requests -->
