<?xml version="1.0" encoding="UTF-8"?>
<!-- Generated by org.testng.reporters.JUnitReportReporter -->
<testsuite hostname="QT-INNO-LT1428" failures="0" tests="1" name="properties.TestTemperature" time="8.125" errors="0" timestamp="2022-03-01T02:04:56 IST" skipped="0">
  <testcase classname="properties.TestTemperature" name="test" time="8.125"/>
  <system-out/>
</testsuite> <!-- properties.TestTemperature -->
