<?xml version="1.0" encoding="UTF-8"?>
<!-- Generated by org.testng.reporters.JUnitReportReporter -->
<testsuite hostname="QT-INNO-LT1428" failures="0" tests="1" name="properties.TestTemperature$TestTemp" time="9.394" errors="0" timestamp="2022-02-28T15:05:28 IST" skipped="0">
  <testcase classname="properties.TestTemperature$TestTemp" name="test" time="9.394"/>
  <system-out/>
</testsuite> <!-- properties.TestTemperature$TestTemp -->
