<?xml version="1.0" encoding="UTF-8"?>
<!-- Generated by org.testng.reporters.JUnitReportReporter -->
<testsuite skipped="0" hostname="QT-INNO-LT1428" name="pack1.YamlReaderTest" tests="1" failures="0" timestamp="2022-03-11T12:54:25 IST" time="0.058" errors="0">
  <testcase name="fileReader" time="0.058" classname="pack1.YamlReaderTest"/>
  <system-out/>
</testsuite> <!-- pack1.YamlReaderTest -->
