<?xml version="1.0" encoding="UTF-8" ?>
<testsuite tests="1" failures="1" name="Package1.TestNDTV" time="0.09" errors="0" skipped="0">
  <properties>
    <property name="java.vendor" value="Oracle Corporation"/>
    <property name="JOB_NAME" value="maven Demo"/>
    <property name="RUN_TESTS_DISPLAY_URL" value="http://localhost:8080/job/maven%20Demo/6/display/redirect?page=tests"/>
    <property name="sun.java.launcher" value="SUN_STANDARD"/>
    <property name="NUMBER_OF_PROCESSORS" value="8"/>
    <property name="sun.management.compiler" value="HotSpot 64-Bit Tiered Compilers"/>
    <property name="DEFLOGDIR" value="C:\ProgramData\McAfee\Endpoint Security\Logs"/>
    <property name="JENKINS_HOME" value="C:\Users\vicky.bhatia\.jenkins"/>
    <property name="FPS_BROWSER_USER_PROFILE_STRING" value="Default"/>
    <property name="HUDSON_SERVER_COOKIE" value="2859345cf992ab6d"/>
    <property name="POM_ARTIFACTID" value="NDTV_new"/>
    <property name="os.name" value="Windows 10"/>
    <property name="sun.boot.class.path" value="C:\Program Files\Java\jdk1.8.0_321\jre\lib\resources.jar;C:\Program Files\Java\jdk1.8.0_321\jre\lib\rt.jar;C:\Program Files\Java\jdk1.8.0_321\jre\lib\sunrsasign.jar;C:\Program Files\Java\jdk1.8.0_321\jre\lib\jsse.jar;C:\Program Files\Java\jdk1.8.0_321\jre\lib\jce.jar;C:\Program Files\Java\jdk1.8.0_321\jre\lib\charsets.jar;C:\Program Files\Java\jdk1.8.0_321\jre\lib\jfr.jar;C:\Program Files\Java\jdk1.8.0_321\jre\classes"/>
    <property name="EXECUTOR_NUMBER" value="1"/>
    <property name="sun.desktop" value="windows"/>
    <property name="PATHEXT" value=".COM;.EXE;.BAT;.CMD;.VBS;.VBE;.JS;.JSE;.WSF;.WSH;.MSC"/>
    <property name="java.vm.specification.vendor" value="Oracle Corporation"/>
    <property name="POM_DISPLAYNAME" value="NDTV_new"/>
    <property name="NODE_LABELS" value="built-in"/>
    <property name="TEMP" value="C:\Users\VICKY~1.BHA\AppData\Local\Temp"/>
    <property name="java.runtime.version" value="1.8.0_321-b07"/>
    <property name="FPS_BROWSER_APP_PROFILE_STRING" value="Internet Explorer"/>
    <property name="user.name" value="vicky.bhatia"/>
    <property name="guice.disable.misplaced.annotation.check" value="true"/>
    <property name="CommonProgramW6432" value="C:\Program Files\Common Files"/>
    <property name="ProgramFiles" value="C:\Program Files"/>
    <property name="PROMPT" value="$P$G"/>
    <property name="user.language" value="en"/>
    <property name="JOB_BASE_NAME" value="maven Demo"/>
    <property name="RUN_CHANGES_DISPLAY_URL" value="http://localhost:8080/job/maven%20Demo/6/display/redirect?page=changes"/>
    <property name="BUILD_DISPLAY_NAME" value="#6"/>
    <property name="OneDrive" value="C:\Users\vicky.bhatia\OneDrive - Qualitest Group"/>
    <property name="sun.boot.library.path" value="C:\Program Files\Java\jdk1.8.0_321\jre\bin"/>
    <property name="OneDriveCommercial" value="C:\Users\vicky.bhatia\OneDrive - Qualitest Group"/>
    <property name="LOCALAPPDATA" value="C:\Users\vicky.bhatia\AppData\Local"/>
    <property name="java.version" value="1.8.0_321"/>
    <property name="PROCESSOR_LEVEL" value="6"/>
    <property name="user.timezone" value="Asia/Calcutta"/>
    <property name="USERNAME" value="vicky.bhatia"/>
    <property name="sun.arch.data.model" value="64"/>
    <property name="NODE_NAME" value="built-in"/>
    <property name="java.endorsed.dirs" value="C:\Program Files\Java\jdk1.8.0_321\jre\lib\endorsed"/>
    <property name="BUILD_ID" value="6"/>
    <property name="sun.cpu.isalist" value="amd64"/>
    <property name="sun.jnu.encoding" value="Cp1252"/>
    <property name="file.encoding.pkg" value="sun.io"/>
    <property name="file.separator" value="\"/>
    <property name="java.specification.name" value="Java Platform API Specification"/>
    <property name="HOMEDRIVE" value="C:"/>
    <property name="maven.conf" value="C:\Users\vicky.bhatia\Downloads\apache-maven-3.8.4\conf"/>
    <property name="java.class.version" value="52.0"/>
    <property name="=::" value="::\"/>
    <property name="org.slf4j.simpleLogger.defaultLogLevel" value="info"/>
    <property name="user.country" value="US"/>
    <property name="ALLUSERSPROFILE" value="C:\ProgramData"/>
    <property name="java.home" value="C:\Program Files\Java\jdk1.8.0_321\jre"/>
    <property name="java.vm.info" value="mixed mode"/>
    <property name="os.version" value="10.0"/>
    <property name="RUN_DISPLAY_URL" value="http://localhost:8080/job/maven%20Demo/6/display/redirect"/>
    <property name="POM_VERSION" value="0.0.1-SNAPSHOT"/>
    <property name="TMP" value="C:\Users\VICKY~1.BHA\AppData\Local\Temp"/>
    <property name="RUN_ARTIFACTS_DISPLAY_URL" value="http://localhost:8080/job/maven%20Demo/6/display/redirect?page=artifacts"/>
    <property name="path.separator" value=";"/>
    <property name="java.vm.version" value="25.321-b07"/>
    <property name="user.variant" value=""/>
    <property name="JOB_DISPLAY_URL" value="http://localhost:8080/job/maven%20Demo/display/redirect"/>
    <property name="CommonProgramFiles(x86)" value="C:\Program Files (x86)\Common Files"/>
    <property name="USERDOMAIN_ROAMINGPROFILE" value="QUALITEST"/>
    <property name="java.awt.printerjob" value="sun.awt.windows.WPrinterJob"/>
    <property name="CommonProgramFiles" value="C:\Program Files\Common Files"/>
    <property name="JAVA_HOME" value="C:\Program Files\Java\jdk1.8.0_321"/>
    <property name="sun.io.unicode.encoding" value="UnicodeLittle"/>
    <property name="ComSpec" value="C:\Windows\system32\cmd.exe"/>
    <property name="awt.toolkit" value="sun.awt.windows.WToolkit"/>
    <property name="HOMEPATH" value="\Users\vicky.bhatia"/>
    <property name="USERDNSDOMAIN" value="QUALITEST.LOCAL"/>
    <property name="POM_PACKAGING" value="jar"/>
    <property name="user.script" value=""/>
    <property name="COMPUTERNAME" value="QT-INNO-LT1428"/>
    <property name="POM_GROUPID" value="NDTV_new"/>
    <property name="user.home" value="C:\Users\vicky.bhatia"/>
    <property name="PUBLIC" value="C:\Users\Public"/>
    <property name="BUILD_TAG" value="jenkins-maven Demo-6"/>
    <property name="JENKINS_SERVER_COOKIE" value="2859345cf992ab6d"/>
    <property name="HUDSON_URL" value="http://localhost:8080/"/>
    <property name="ProgramData" value="C:\ProgramData"/>
    <property name="java.specification.vendor" value="Oracle Corporation"/>
    <property name="USERPROFILE" value="C:\Users\vicky.bhatia"/>
    <property name="CLASSPATH" value=""/>
    <property name="java.vendor.url" value="http://java.oracle.com/"/>
    <property name="java.library.path" value="C:\Program Files\Java\jdk1.8.0_321\bin;C:\Windows\Sun\Java\bin;C:\Windows\system32;C:\Windows;C:\Users\vicky.bhatia\Downloads\apache-maven-3.8.4/bin;C:\Program Files\Java\jdk1.8.0_321/bin;C:\Program Files\Java\jdk1.8.0_321/bin;C:\Program Files (x86)\Common Files\Oracle\Java\javapath;C:\Windows\system32;C:\Windows;C:\Windows\System32\Wbem;C:\Windows\System32\WindowsPowerShell\v1.0\;C:\Windows\System32\OpenSSH\;C:\Users\vicky.bhatia\Downloads\apache-maven-3.8.4\bin;C:\Users\vicky.bhatia\AppData\Local\Microsoft\WindowsApps;C:\Users\vicky.bhatia\AppData\Local\Programs\Git\cmd;."/>
    <property name="java.vm.vendor" value="Oracle Corporation"/>
    <property name="APPDATA" value="C:\Users\vicky.bhatia\AppData\Roaming"/>
    <property name="ZES_ENABLE_SYSMAN" value="1"/>
    <property name="java.runtime.name" value="Java(TM) SE Runtime Environment"/>
    <property name="maven.home" value="C:\Users\vicky.bhatia\Downloads\apache-maven-3.8.4"/>
    <property name="java.class.path" value="C:\Users\vicky.bhatia\.jenkins\plugins\maven-plugin\WEB-INF\lib\maven35-agent-1.13.jar;C:\Users\vicky.bhatia\Downloads\apache-maven-3.8.4\boot\plexus-classworlds-2.6.0.jar;C:\Users\vicky.bhatia\Downloads\apache-maven-3.8.4/conf/logging"/>
    <property name="sun.java.command" value="jenkins.maven3.agent.Maven35Main C:\Users\vicky.bhatia\Downloads\apache-maven-3.8.4 C:\Users\vicky.bhatia\.jenkins\war\WEB-INF\lib\remoting-4.11.2.jar C:\Users\vicky.bhatia\.jenkins\plugins\maven-plugin\WEB-INF\lib\maven35-interceptor-1.13.jar C:\Users\vicky.bhatia\.jenkins\plugins\maven-plugin\WEB-INF\lib\maven3-interceptor-commons-1.13.jar 64365"/>
    <property name="Path" value="C:\Program Files\Java\jdk1.8.0_321/bin;C:\Program Files (x86)\Common Files\Oracle\Java\javapath;C:\Windows\system32;C:\Windows;C:\Windows\System32\Wbem;C:\Windows\System32\WindowsPowerShell\v1.0\;C:\Windows\System32\OpenSSH\;C:\Users\vicky.bhatia\Downloads\apache-maven-3.8.4\bin;C:\Users\vicky.bhatia\AppData\Local\Microsoft\WindowsApps;C:\Users\vicky.bhatia\AppData\Local\Programs\Git\cmd"/>
    <property name="java.vm.specification.name" value="Java Virtual Machine Specification"/>
    <property name="PROCESSOR_ARCHITECTURE" value="AMD64"/>
    <property name="jansi.mode" value="strip"/>
    <property name="PATH+JDK" value="C:\Program Files\Java\jdk1.8.0_321/bin"/>
    <property name="PROCESSOR_IDENTIFIER" value="Intel64 Family 6 Model 140 Stepping 1, GenuineIntel"/>
    <property name="SESSIONNAME" value="Console"/>
    <property name="java.vm.specification.version" value="1.8"/>
    <property name="sun.os.patch.level" value=""/>
    <property name="sun.cpu.endian" value="little"/>
    <property name="M2_HOME" value="C:\Users\vicky.bhatia\Downloads\apache-maven-3.8.4"/>
    <property name="java.io.tmpdir" value="C:\Users\VICKY~1.BHA\AppData\Local\Temp\"/>
    <property name="CI" value="true"/>
    <property name="OS" value="Windows_NT"/>
    <property name="HUDSON_HOME" value="C:\Users\vicky.bhatia\.jenkins"/>
    <property name="PATH+MAVEN" value="C:\Users\vicky.bhatia\Downloads\apache-maven-3.8.4/bin"/>
    <property name="ProgramFiles(x86)" value="C:\Program Files (x86)"/>
    <property name="BUILD_URL" value="http://localhost:8080/job/maven%20Demo/6/"/>
    <property name="java.vendor.url.bug" value="http://bugreport.sun.com/bugreport/"/>
    <property name="java.awt.graphicsenv" value="sun.awt.Win32GraphicsEnvironment"/>
    <property name="os.arch" value="amd64"/>
    <property name="SystemRoot" value="C:\Windows"/>
    <property name="java.ext.dirs" value="C:\Program Files\Java\jdk1.8.0_321\jre\lib\ext;C:\Windows\Sun\Java\lib\ext"/>
    <property name="user.dir" value="C:\Users\vicky.bhatia\eclipse-workspace\NDTV_new"/>
    <property name="JOB_URL" value="http://localhost:8080/job/maven%20Demo/"/>
    <property name="LOGONSERVER" value="\\W19INNO001V"/>
    <property name="USERDOMAIN" value="QUALITEST"/>
    <property name="line.separator" value="
"/>
    <property name="MAVEN_HOME" value="C:\Users\vicky.bhatia\Downloads\apache-maven-3.8.4"/>
    <property name="java.vm.name" value="Java HotSpot(TM) 64-Bit Server VM"/>
    <property name="BUILD_NUMBER" value="6"/>
    <property name="JENKINS_URL" value="http://localhost:8080/"/>
    <property name="PROCESSOR_REVISION" value="8c01"/>
    <property name="ProgramW6432" value="C:\Program Files"/>
    <property name="windir" value="C:\Windows"/>
    <property name="=C:" value="C:\Softwares"/>
    <property name="file.encoding" value="Cp1252"/>
    <property name="SystemDrive" value="C:"/>
    <property name="maven3.interceptor" value="C:\Users\vicky.bhatia\.jenkins\plugins\maven-plugin\WEB-INF\lib\maven35-interceptor-1.13.jar"/>
    <property name="WORKSPACE_TMP" value="C:\Users\vicky.bhatia\.jenkins\workspace\maven Demo@tmp"/>
    <property name="WORKSPACE" value="C:\Users\vicky.bhatia\.jenkins\workspace\maven Demo"/>
    <property name="maven3.interceptor.common" value="C:\Users\vicky.bhatia\.jenkins\plugins\maven-plugin\WEB-INF\lib\maven3-interceptor-commons-1.13.jar"/>
    <property name="java.specification.version" value="1.8"/>
    <property name="PSModulePath" value="C:\Program Files\WindowsPowerShell\Modules;C:\Windows\system32\WindowsPowerShell\v1.0\Modules"/>
    <property name="DriverData" value="C:\Windows\System32\Drivers\DriverData"/>
  </properties>
  <testcase classname="Package1.TestNDTV" name="test" time="0.09">
    <failure message="no such element: Unable to locate element: {&quot;method&quot;:&quot;css selector&quot;,&quot;selector&quot;:&quot;#h_sub_menu&quot;}
  (Session info: MicrosoftEdge=99.0.1150.36)
For documentation on this error, please visit: https://www.seleniumhq.org/exceptions/no_such_element.html
Build info: version: &apos;3.141.59&apos;, revision: &apos;e82be7d358&apos;, time: &apos;2018-11-14T08:17:03&apos;
System info: host: &apos;QT-INNO-LT1428&apos;, ip: &apos;192.168.1.6&apos;, os.name: &apos;Windows 10&apos;, os.arch: &apos;amd64&apos;, os.version: &apos;10.0&apos;, java.version: &apos;1.8.0_321&apos;
Driver info: org.openqa.selenium.edge.EdgeDriver
Capabilities {acceptInsecureCerts: false, browserName: msedge, browserVersion: 99.0.1150.36, javascriptEnabled: true, ms:edgeOptions: {debuggerAddress: localhost:64377}, msedge: {msedgedriverVersion: 99.0.1150.36 (c438621746b29..., userDataDir: C:\Users\VICKY~1.BHA\AppDat...}, networkConnectionEnabled: false, pageLoadStrategy: normal, platform: WINDOWS, platformName: WINDOWS, proxy: Proxy(), setWindowRect: true, strictFileInteractability: false, timeouts: {implicit: 0, pageLoad: 300000, script: 30000}, unhandledPromptBehavior: dismiss and notify, webauthn:extension:credBlob: true, webauthn:extension:largeBlob: true, webauthn:virtualAuthenticators: true}
Session ID: fc8bdf018f5256b08ab836452b7e9839
*** Element info: {Using=css selector, value=#h_sub_menu}" type="org.openqa.selenium.NoSuchElementException">org.openqa.selenium.NoSuchElementException: no such element: Unable to locate element: {&quot;method&quot;:&quot;css selector&quot;,&quot;selector&quot;:&quot;#h_sub_menu&quot;}
  (Session info: MicrosoftEdge=99.0.1150.36)
For documentation on this error, please visit: https://www.seleniumhq.org/exceptions/no_such_element.html
Build info: version: &apos;3.141.59&apos;, revision: &apos;e82be7d358&apos;, time: &apos;2018-11-14T08:17:03&apos;
System info: host: &apos;QT-INNO-LT1428&apos;, ip: &apos;192.168.1.6&apos;, os.name: &apos;Windows 10&apos;, os.arch: &apos;amd64&apos;, os.version: &apos;10.0&apos;, java.version: &apos;1.8.0_321&apos;
Driver info: org.openqa.selenium.edge.EdgeDriver
Capabilities {acceptInsecureCerts: false, browserName: msedge, browserVersion: 99.0.1150.36, javascriptEnabled: true, ms:edgeOptions: {debuggerAddress: localhost:64377}, msedge: {msedgedriverVersion: 99.0.1150.36 (c438621746b29..., userDataDir: C:\Users\VICKY~1.BHA\AppDat...}, networkConnectionEnabled: false, pageLoadStrategy: normal, platform: WINDOWS, platformName: WINDOWS, proxy: Proxy(), setWindowRect: true, strictFileInteractability: false, timeouts: {implicit: 0, pageLoad: 300000, script: 30000}, unhandledPromptBehavior: dismiss and notify, webauthn:extension:credBlob: true, webauthn:extension:largeBlob: true, webauthn:virtualAuthenticators: true}
Session ID: fc8bdf018f5256b08ab836452b7e9839
*** Element info: {Using=css selector, value=#h_sub_menu}
	at sun.reflect.NativeConstructorAccessorImpl.newInstance0(Native Method)
	at sun.reflect.NativeConstructorAccessorImpl.newInstance(NativeConstructorAccessorImpl.java:62)
	at sun.reflect.DelegatingConstructorAccessorImpl.newInstance(DelegatingConstructorAccessorImpl.java:45)
	at java.lang.reflect.Constructor.newInstance(Constructor.java:423)
	at org.openqa.selenium.remote.http.W3CHttpResponseCodec.createException(W3CHttpResponseCodec.java:187)
	at org.openqa.selenium.remote.http.W3CHttpResponseCodec.decode(W3CHttpResponseCodec.java:122)
	at org.openqa.selenium.remote.http.W3CHttpResponseCodec.decode(W3CHttpResponseCodec.java:49)
	at org.openqa.selenium.remote.HttpCommandExecutor.execute(HttpCommandExecutor.java:158)
	at org.openqa.selenium.remote.service.DriverCommandExecutor.execute(DriverCommandExecutor.java:83)
	at org.openqa.selenium.remote.RemoteWebDriver.execute(RemoteWebDriver.java:552)
	at org.openqa.selenium.remote.RemoteWebDriver.findElement(RemoteWebDriver.java:323)
	at org.openqa.selenium.remote.RemoteWebDriver.findElementByCssSelector(RemoteWebDriver.java:420)
	at org.openqa.selenium.By$ByCssSelector.findElement(By.java:431)
	at org.openqa.selenium.remote.RemoteWebDriver.findElement(RemoteWebDriver.java:315)
	at Package1.TestNDTV.test(TestNDTV.java:87)
</failure>
    <system-out>Configuring TestNG with: org.apache.maven.surefire.testng.conf.TestNG652Configurator@5a42bbf4
</system-out>
    <system-err>SLF4J: Failed to load class &quot;org.slf4j.impl.StaticLoggerBinder&quot;.
SLF4J: Defaulting to no-operation (NOP) logger implementation
SLF4J: See http://www.slf4j.org/codes.html#StaticLoggerBinder for further details.
Starting MSEdgeDriver 99.0.1150.36 (c438621746b2932668109129d137a7e3a22ef4fd) on port 6378
Only local connections are allowed.
Please see https://chromedriver.chromium.org/security-considerations for suggestions on keeping MSEdgeDriver safe.
MSEdgeDriver was started successfully.
Mar 10, 2022 11:14:11 PM org.openqa.selenium.remote.ProtocolHandshake createSession
INFO: Detected dialect: W3C
</system-err>
  </testcase>
</testsuite>